[2023-11-13 16:12:49.472] INFO  [NO REQUEST ID] 2738 --- [           main] c.p.g.GilgeoriGoreudaApplication         : Starting GilgeoriGoreudaApplication using Java 17.0.7 with PID 2738 (/Users/kimsudong/IdeaProjects/backend/build/classes/java/main started by kimsudong in /Users/kimsudong/IdeaProjects/backend)

[2023-11-13 16:12:49.473] INFO  [NO REQUEST ID] 2738 --- [           main] c.p.g.GilgeoriGoreudaApplication         : The following 1 profile is active: "local"

[2023-11-13 16:12:49.750] INFO  [NO REQUEST ID] 2738 --- [           main] .s.d.r.c.RepositoryConfigurationDelegate : Bootstrapping Spring Data JPA repositories in DEFAULT mode.

[2023-11-13 16:12:49.812] INFO  [NO REQUEST ID] 2738 --- [           main] .s.d.r.c.RepositoryConfigurationDelegate : Finished Spring Data repository scanning in 59 ms. Found 12 JPA repository interfaces.

[2023-11-13 16:12:50.031] INFO  [NO REQUEST ID] 2738 --- [           main] o.s.b.w.e.tomcat.TomcatWebServer         : Tomcat initialized with port(s): 8080 (http)

[2023-11-13 16:12:50.035] INFO  [NO REQUEST ID] 2738 --- [           main] o.a.catalina.core.StandardService        : Starting service [Tomcat]

[2023-11-13 16:12:50.035] INFO  [NO REQUEST ID] 2738 --- [           main] o.a.catalina.core.StandardEngine         : Starting Servlet engine: [Apache Tomcat/10.1.15]

[2023-11-13 16:12:50.065] INFO  [NO REQUEST ID] 2738 --- [           main] o.a.c.c.C.[Tomcat].[localhost].[/]       : Initializing Spring embedded WebApplicationContext

[2023-11-13 16:12:50.065] INFO  [NO REQUEST ID] 2738 --- [           main] w.s.c.ServletWebServerApplicationContext : Root WebApplicationContext: initialization completed in 576 ms

[2023-11-13 16:12:50.129] INFO  [NO REQUEST ID] 2738 --- [           main] o.h.jpa.internal.util.LogHelper          : HHH000204: Processing PersistenceUnitInfo [name: default]

[2023-11-13 16:12:50.149] INFO  [NO REQUEST ID] 2738 --- [           main] org.hibernate.Version                    : HHH000412: Hibernate ORM core version 6.2.13.Final

[2023-11-13 16:12:50.150] INFO  [NO REQUEST ID] 2738 --- [           main] org.hibernate.cfg.Environment            : HHH000406: Using bytecode reflection optimizer

[2023-11-13 16:12:50.252] INFO  [NO REQUEST ID] 2738 --- [           main] o.s.o.j.p.SpringPersistenceUnitInfo      : No LoadTimeWeaver setup: ignoring JPA class transformer

[2023-11-13 16:12:50.262] INFO  [NO REQUEST ID] 2738 --- [           main] com.zaxxer.hikari.HikariDataSource       : HikariPool-1 - Starting...

[2023-11-13 16:12:50.458] INFO  [NO REQUEST ID] 2738 --- [           main] com.zaxxer.hikari.pool.HikariPool        : HikariPool-1 - Added connection com.mysql.cj.jdbc.ConnectionImpl@40a28bda

[2023-11-13 16:12:50.459] INFO  [NO REQUEST ID] 2738 --- [           main] com.zaxxer.hikari.HikariDataSource       : HikariPool-1 - Start completed.

[2023-11-13 16:12:50.928] INFO  [NO REQUEST ID] 2738 --- [           main] o.h.e.t.j.p.i.JtaPlatformInitiator       : HHH000489: No JTA platform available (set 'hibernate.transaction.jta.platform' to enable JTA platform integration)

[2023-11-13 16:12:51.383] INFO  [NO REQUEST ID] 2738 --- [           main] j.LocalContainerEntityManagerFactoryBean : Initialized JPA EntityManagerFactory for persistence unit 'default'

[2023-11-13 16:12:51.495] INFO  [NO REQUEST ID] 2738 --- [           main] o.s.d.j.r.query.QueryEnhancerFactory     : Hibernate is in classpath; If applicable, HQL parser will be used.

[2023-11-13 16:12:52.193] INFO  [NO REQUEST ID] 2738 --- [           main] o.s.b.w.e.tomcat.TomcatWebServer         : Tomcat started on port(s): 8080 (http) with context path ''

[2023-11-13 16:12:52.198] INFO  [NO REQUEST ID] 2738 --- [           main] c.p.g.GilgeoriGoreudaApplication         : Started GilgeoriGoreudaApplication in 2.868 seconds (process running for 3.119)

